==========================================
SLURM_JOB_ID        = 2012962
SLURM_NODELIST      = GPI-4-15
SLURM_NTASKS        = 
SLURM_CPUS_PER_TASK = 
This SLURM script is running on host GPI-4-15
Working directory is /home/jingoy/dif_benchmark_J30_p20
==========================================
Submitted batch job 2012963
Submitted batch job 2012964
Submitted batch job 2012965
Submitted batch job 2012966
Submitted batch job 2012967
Submitted batch job 2012968
Submitted batch job 2012969
Submitted batch job 2012970
Submitted batch job 2012971
Submitted batch job 2012972
Submitted batch job 2012973
Submitted batch job 2012974
Submitted batch job 2012975
Submitted batch job 2012976
Submitted batch job 2012977
Submitted batch job 2012978
Submitted batch job 2012979
Submitted batch job 2012980
Submitted batch job 2012981
sbatch: error: QOSMaxSubmitJobPerUserLimit
sbatch: error: Batch job submission failed: Job violates accounting/QOS policy (job submit limit, user's size and/or time limits)
