==========================================
SLURM_JOB_ID        = 2012942
SLURM_NODELIST      = GPI-4-15
SLURM_NTASKS        = 
SLURM_CPUS_PER_TASK = 
This SLURM script is running on host GPI-4-15
Working directory is /home/jingoy/dif_benchmark_J30_p20
==========================================
Submitted batch job 2012943
Submitted batch job 2012944
Submitted batch job 2012945
Submitted batch job 2012946
Submitted batch job 2012947
Submitted batch job 2012948
Submitted batch job 2012949
Submitted batch job 2012950
Submitted batch job 2012951
Submitted batch job 2012952
Submitted batch job 2012953
Submitted batch job 2012954
Submitted batch job 2012955
Submitted batch job 2012956
Submitted batch job 2012957
Submitted batch job 2012958
Submitted batch job 2012959
Submitted batch job 2012960
Submitted batch job 2012961
sbatch: error: QOSMaxSubmitJobPerUserLimit
sbatch: error: Batch job submission failed: Job violates accounting/QOS policy (job submit limit, user's size and/or time limits)
