==========================================
SLURM_JOB_ID        = 2013427
SLURM_NODELIST      = GPI-4-20
SLURM_NTASKS        = 
SLURM_CPUS_PER_TASK = 
This SLURM script is running on host GPI-4-20
Working directory is /home/jingoy/dif_benchmark_J15_p10_random
==========================================
Submitted batch job 2013428
Submitted batch job 2013429
Submitted batch job 2013430
Submitted batch job 2013431
Submitted batch job 2013432
Submitted batch job 2013433
Submitted batch job 2013434
Submitted batch job 2013435
Submitted batch job 2013436
Submitted batch job 2013437
Submitted batch job 2013438
Submitted batch job 2013439
Submitted batch job 2013440
Submitted batch job 2013441
Submitted batch job 2013442
Submitted batch job 2013443
Submitted batch job 2013444
Submitted batch job 2013445
Submitted batch job 2013446
sbatch: error: QOSMaxSubmitJobPerUserLimit
sbatch: error: Batch job submission failed: Job violates accounting/QOS policy (job submit limit, user's size and/or time limits)
